<?xml version="1.0" encoding="UTF-8"?>
<!-- Generated by org.testng.reporters.JUnitReportReporter -->
<testsuite hostname="Speed.local" failures="0" tests="1" name="Test.SwapTest" time="127.607" errors="0" timestamp="2024-11-20T11:14:51 IST" skipped="0">
  <testcase classname="Test.SwapTest" name="validateswap" time="127.607"/>
</testsuite> <!-- Test.SwapTest -->
