<?xml version="1.0" encoding="UTF-8"?>
<!-- Generated by org.testng.reporters.JUnitReportReporter -->
<testsuite hostname="Speed.local" failures="0" tests="1" name="Test.HistoryTest" time="21.400" errors="0" timestamp="2024-10-16T11:11:57 IST" skipped="0">
  <testcase classname="Test.HistoryTest" name="validatehistory" time="21.400"/>
</testsuite> <!-- Test.HistoryTest -->
