<?xml version="1.0" encoding="UTF-8"?>
<!-- Generated by org.testng.reporters.JUnitReportReporter -->
<testsuite hostname="Speed.local" failures="0" tests="1" name="Test.SplashScreenTest" time="11.393" errors="0" timestamp="2025-02-25T17:49:46 IST" skipped="0">
  <testcase classname="Test.SplashScreenTest" name="splashScreenPage" time="11.393"/>
</testsuite> <!-- Test.SplashScreenTest -->
