<?xml version="1.0" encoding="UTF-8"?>
<!-- Generated by org.testng.reporters.JUnitReportReporter -->
<testsuite hostname="Speed.local" failures="0" tests="1" name="Test.LoginTest" time="52.204" errors="0" timestamp="2025-02-25T17:49:46 IST" skipped="0">
  <testcase classname="Test.LoginTest" name="validatelogin" time="52.204"/>
</testsuite> <!-- Test.LoginTest -->
