<?xml version="1.0" encoding="UTF-8"?>
<!-- Generated by org.testng.reporters.JUnitReportReporter -->
<testsuite hostname="Speed.local" failures="0" tests="1" name="Test.RewardTest" time="82.889" errors="0" timestamp="2025-01-06T10:54:57 IST" skipped="0">
  <testcase classname="Test.RewardTest" name="reward" time="82.889"/>
</testsuite> <!-- Test.RewardTest -->
