<?xml version="1.0" encoding="UTF-8"?>
<!-- Generated by org.testng.reporters.JUnitReportReporter -->
<testsuite hostname="Speeds-Mac-mini.local" failures="0" tests="1" name="Test.LnAddSendTest" time="34.095" errors="0" timestamp="2024-07-19T17:52:30 IST" skipped="0">
  <testcase classname="Test.LnAddSendTest" name="validatepayment" time="34.095"/>
</testsuite> <!-- Test.LnAddSendTest -->
